#
# There is insufficient memory for the Java Runtime Environment to continue.
# Native memory allocation (malloc) failed to allocate 32744 bytes for ChunkPool::allocate
# Possible reasons:
#   The system is out of physical RAM or swap space
#   In 32 bit mode, the process size limit was hit
# Possible solutions:
#   Reduce memory load on the system
#   Increase physical memory or swap space
#   Check if swap backing store is full
#   Use 64 bit Java on a 64 bit OS
#   Decrease Java heap size (-Xmx/-Xms)
#   Decrease number of Java threads
#   Set larger code cache with -XX:ReservedCodeCacheSize=
# This output file may be truncated or incomplete.
#
#  Out of Memory Error (allocation.cpp:273), pid=10476, tid=0x0000000000001d24
#
# JRE version: Java(TM) SE Runtime Environment (8.0_121-b13) (build 1.8.0_121-b13)
# Java VM: Java HotSpot(TM) 64-Bit Server VM (25.121-b13 mixed mode windows-amd64 compressed oops)
# Failed to write core dump. Minidumps are not enabled by default on client versions of Windows
#

---------------  T H R E A D  ---------------

Current thread (0x0000000058a0f800):  JavaThread "C2 CompilerThread0" daemon [_thread_in_native, id=7460, stack(0x0000000059890000,0x0000000059990000)]

Stack: [0x0000000059890000,0x0000000059990000]
[error occurred during error reporting (printing stack bounds), id 0xc0000005]

Native frames: (J=compiled Java code, j=interpreted, Vv=VM code, C=native code)


Current CompileTask:
C2:   8273 3475       4       org.hibernate.validator.internal.metadata.aggregated.BeanMetaDataImpl$BuilderDelegate::add (116 bytes)


---------------  P R O C E S S  ---------------

Java Threads: ( => current thread )
  0x000000005a5c0000 JavaThread "MySQL Statement Cancellation Timer" daemon [_thread_blocked, id=10284, stack(0x0000000064560000,0x0000000064660000)]
  0x000000005fa33800 JavaThread "Tomcat JDBC Pool Cleaner[414493378:1500927803719]" daemon [_thread_blocked, id=5916, stack(0x0000000063bf0000,0x0000000063cf0000)]
  0x000000005acec800 JavaThread "container-0" [_thread_blocked, id=2364, stack(0x00000000628e0000,0x00000000629e0000)]
  0x000000005af26800 JavaThread "ContainerBackgroundProcessor[StandardEngine[Tomcat]]" daemon [_thread_blocked, id=13304, stack(0x0000000062790000,0x0000000062890000)]
  0x000000005a7da000 JavaThread "localhost-startStop-1" daemon [_thread_blocked, id=14512, stack(0x00000000612a0000,0x00000000613a0000)]
  0x0000000061db3000 JavaThread "Tomcat-startStop-1" daemon [_thread_blocked, id=14916, stack(0x0000000061140000,0x0000000061240000)]
  0x000000005a878800 JavaThread "restartedMain" [_thread_in_vm, id=12508, stack(0x000000005b8e0000,0x000000005b9e0000)]
  0x000000005a875000 JavaThread "Thread-0" [_thread_blocked, id=6720, stack(0x000000005b6f0000,0x000000005b7f0000)]
  0x0000000058a8c000 JavaThread "Service Thread" daemon [_thread_blocked, id=9500, stack(0x0000000059b70000,0x0000000059c70000)]
  0x0000000058a12800 JavaThread "C1 CompilerThread2" daemon [_thread_blocked, id=13700, stack(0x0000000059a40000,0x0000000059b40000)]
  0x0000000058a07000 JavaThread "C2 CompilerThread1" daemon [_thread_in_native, id=12788, stack(0x00000000595e0000,0x00000000596e0000)]
=>0x0000000058a0f800 JavaThread "C2 CompilerThread0" daemon [_thread_in_native, id=7460, stack(0x0000000059890000,0x0000000059990000)]
  0x0000000058a02800 JavaThread "JDWP Command Reader" daemon [_thread_in_native, id=6744, stack(0x0000000059730000,0x0000000059830000)]
  0x00000000589f5000 JavaThread "JDWP Event Helper Thread" daemon [_thread_blocked, id=8324, stack(0x00000000594b0000,0x00000000595b0000)]
  0x00000000589e6800 JavaThread "JDWP Transport Listener: dt_socket" daemon [_thread_blocked, id=13160, stack(0x0000000059210000,0x0000000059310000)]
  0x00000000575ee000 JavaThread "Attach Listener" daemon [_thread_blocked, id=7964, stack(0x0000000059080000,0x0000000059180000)]
  0x00000000575ec800 JavaThread "Signal Dispatcher" daemon [_thread_blocked, id=9848, stack(0x0000000058eb0000,0x0000000058fb0000)]
  0x00000000575cf000 JavaThread "Finalizer" daemon [_thread_blocked, id=2436, stack(0x0000000058620000,0x0000000058720000)]
  0x0000000057588000 JavaThread "Reference Handler" daemon [_thread_blocked, id=1272, stack(0x00000000588e0000,0x00000000589e0000)]
  0x000000000218d000 JavaThread "main" [_thread_blocked, id=13628, stack(0x0000000002520000,0x0000000002620000)]

Other Threads:
  0x0000000057580800 VMThread [stack: 0x0000000058760000,0x0000000058860000] [id=11124]
  0x0000000058af5000 WatcherThread [stack: 0x00000000593b0000,0x00000000594b0000] [id=7908]

VM state:not at safepoint (normal execution)

VM Mutex/Monitor currently owned by a thread: None

Heap:
 PSYoungGen      total 99328K, used 2697K [0x00000000d5f80000, 0x00000000df380000, 0x0000000100000000)
  eden space 88576K, 3% used [0x00000000d5f80000,0x00000000d6222588,0x00000000db600000)
  from space 10752K, 0% used [0x00000000db600000,0x00000000db600000,0x00000000dc080000)
  to   space 10240K, 0% used [0x00000000de980000,0x00000000de980000,0x00000000df380000)
 ParOldGen       total 58368K, used 19840K [0x0000000081e00000, 0x0000000085700000, 0x00000000d5f80000)
  object space 58368K, 33% used [0x0000000081e00000,0x0000000083160208,0x0000000085700000)
 Metaspace       used 35402K, capacity 35866K, committed 36224K, reserved 1081344K
  class space    used 4296K, capacity 4432K, committed 4480K, reserved 1048576K

Card table byte_map: [0x0000000011cb0000,0x00000000120b0000] byte_map_base: 0x00000000118a1000

Marking Bits: (ParMarkBitMap*) 0x00000000706bb6d0
 Begin Bits: [0x00000000128e0000, 0x0000000014868000)
 End Bits:   [0x0000000014868000, 0x00000000167f0000)

Polling page: 0x0000000000450000

CodeCache: size=245760Kb used=11465Kb max_used=12438Kb free=234294Kb
 bounds [0x00000000028f0000, 0x0000000003520000, 0x00000000118f0000]
 total_blobs=3521 nmethods=3085 adapters=356
 compilation: enabled

Compilation events (10 events):
Event: 7.996 Thread 0x0000000058a12800 3602       1       java.nio.charset.CharsetDecoder::malformedInputAction (5 bytes)
Event: 7.996 Thread 0x0000000058a12800 nmethod 3602 0x0000000002bb8110 code [0x0000000002bb8260, 0x0000000002bb8370]
Event: 7.996 Thread 0x0000000058a12800 3603       1       java.nio.charset.CharsetDecoder::replacement (5 bytes)
Event: 7.996 Thread 0x0000000058a12800 nmethod 3603 0x00000000031692d0 code [0x0000000003169420, 0x0000000003169530]
Event: 8.002 Thread 0x0000000058a12800 3605       3       sun.misc.URLClassPath$JarLoader::isOptimizable (10 bytes)
Event: 8.002 Thread 0x0000000058a12800 nmethod 3605 0x0000000002b6bfd0 code [0x0000000002b6c140, 0x0000000002b6c3e8]
Event: 8.003 Thread 0x0000000058a12800 3606       1       java.lang.StackTraceElement::getClassName (5 bytes)
Event: 8.004 Thread 0x0000000058a12800 nmethod 3606 0x0000000002b6bd10 code [0x0000000002b6be60, 0x0000000002b6bf70]
Event: 8.238 Thread 0x0000000058a12800 3607       3       java.lang.Character::<init> (10 bytes)
Event: 8.238 Thread 0x0000000058a12800 nmethod 3607 0x0000000002ab6b90 code [0x0000000002ab6ce0, 0x0000000002ab6e90]

GC Heap History (10 events):
Event: 5.350 GC heap before
{Heap before GC invocations=11 (full 1):
 PSYoungGen      total 71168K, used 62960K [0x00000000d5f80000, 0x00000000dcb80000, 0x0000000100000000)
  eden space 59392K, 100% used [0x00000000d5f80000,0x00000000d9980000,0x00000000d9980000)
  from space 11776K, 30% used [0x00000000d9980000,0x00000000d9cfc130,0x00000000da500000)
  to   space 11264K, 0% used [0x00000000dc080000,0x00000000dc080000,0x00000000dcb80000)
 ParOldGen       total 58368K, used 11319K [0x0000000081e00000, 0x0000000085700000, 0x00000000d5f80000)
  object space 58368K, 19% used [0x0000000081e00000,0x000000008290dec8,0x0000000085700000)
 Metaspace       used 27800K, capacity 28196K, committed 28416K, reserved 1075200K
  class space    used 3417K, capacity 3527K, committed 3584K, reserved 1048576K
Event: 5.440 GC heap after
Heap after GC invocations=11 (full 1):
 PSYoungGen      total 99840K, used 4376K [0x00000000d5f80000, 0x00000000dcc00000, 0x0000000100000000)
  eden space 88576K, 0% used [0x00000000d5f80000,0x00000000d5f80000,0x00000000db600000)
  from space 11264K, 38% used [0x00000000dc080000,0x00000000dc4c62e8,0x00000000dcb80000)
  to   space 10752K, 0% used [0x00000000db600000,0x00000000db600000,0x00000000dc080000)
 ParOldGen       total 58368K, used 12471K [0x0000000081e00000, 0x0000000085700000, 0x00000000d5f80000)
  object space 58368K, 21% used [0x0000000081e00000,0x0000000082a2dfd8,0x0000000085700000)
 Metaspace       used 27800K, capacity 28196K, committed 28416K, reserved 1075200K
  class space    used 3417K, capacity 3527K, committed 3584K, reserved 1048576K
}
Event: 7.255 GC heap before
{Heap before GC invocations=12 (full 1):
 PSYoungGen      total 99840K, used 92952K [0x00000000d5f80000, 0x00000000dcc00000, 0x0000000100000000)
  eden space 88576K, 100% used [0x00000000d5f80000,0x00000000db600000,0x00000000db600000)
  from space 11264K, 38% used [0x00000000dc080000,0x00000000dc4c62e8,0x00000000dcb80000)
  to   space 10752K, 0% used [0x00000000db600000,0x00000000db600000,0x00000000dc080000)
 ParOldGen       total 58368K, used 12471K [0x0000000081e00000, 0x0000000085700000, 0x00000000d5f80000)
  object space 58368K, 21% used [0x0000000081e00000,0x0000000082a2dfd8,0x0000000085700000)
 Metaspace       used 32398K, capacity 32866K, committed 33024K, reserved 1079296K
  class space    used 3950K, capacity 4076K, committed 4096K, reserved 1048576K
Event: 7.311 GC heap after
Heap after GC invocations=12 (full 1):
 PSYoungGen      total 99328K, used 5839K [0x00000000d5f80000, 0x00000000dcc00000, 0x0000000100000000)
  eden space 88576K, 0% used [0x00000000d5f80000,0x00000000d5f80000,0x00000000db600000)
  from space 10752K, 54% used [0x00000000db600000,0x00000000dbbb3ee0,0x00000000dc080000)
  to   space 11264K, 0% used [0x00000000dc080000,0x00000000dc080000,0x00000000dcb80000)
 ParOldGen       total 58368K, used 15428K [0x0000000081e00000, 0x0000000085700000, 0x00000000d5f80000)
  object space 58368K, 26% used [0x0000000081e00000,0x0000000082d11008,0x0000000085700000)
 Metaspace       used 32398K, capacity 32866K, committed 33024K, reserved 1079296K
  class space    used 3950K, capacity 4076K, committed 4096K, reserved 1048576K
}
Event: 7.922 GC heap before
{Heap before GC invocations=13 (full 1):
 PSYoungGen      total 99328K, used 94414K [0x00000000d5f80000, 0x00000000dcc00000, 0x0000000100000000)
  eden space 88576K, 99% used [0x00000000d5f80000,0x00000000db5ff950,0x00000000db600000)
  from space 10752K, 54% used [0x00000000db600000,0x00000000dbbb3ee0,0x00000000dc080000)
  to   space 11264K, 0% used [0x00000000dc080000,0x00000000dc080000,0x00000000dcb80000)
 ParOldGen       total 58368K, used 15428K [0x0000000081e00000, 0x0000000085700000, 0x00000000d5f80000)
  object space 58368K, 26% used [0x0000000081e00000,0x0000000082d11008,0x0000000085700000)
 Metaspace       used 33907K, capacity 34394K, committed 34560K, reserved 1079296K
  class space    used 4149K, capacity 4304K, committed 4352K, reserved 1048576K
Event: 7.935 GC heap after
Heap after GC invocations=13 (full 1):
 PSYoungGen      total 99840K, used 3550K [0x00000000d5f80000, 0x00000000dcc00000, 0x0000000100000000)
  eden space 88576K, 0% used [0x00000000d5f80000,0x00000000d5f80000,0x00000000db600000)
  from space 11264K, 31% used [0x00000000dc080000,0x00000000dc3f7b50,0x00000000dcb80000)
  to   space 10752K, 0% used [0x00000000db600000,0x00000000db600000,0x00000000dc080000)
 ParOldGen       total 58368K, used 18184K [0x0000000081e00000, 0x0000000085700000, 0x00000000d5f80000)
  object space 58368K, 31% used [0x0000000081e00000,0x0000000082fc2078,0x0000000085700000)
 Metaspace       used 33907K, capacity 34394K, committed 34560K, reserved 1079296K
  class space    used 4149K, capacity 4304K, committed 4352K, reserved 1048576K
}
Event: 8.018 GC heap before
{Heap before GC invocations=14 (full 1):
 PSYoungGen      total 99840K, used 15200K [0x00000000d5f80000, 0x00000000dcc00000, 0x0000000100000000)
  eden space 88576K, 13% used [0x00000000d5f80000,0x00000000d6ae0788,0x00000000db600000)
  from space 11264K, 31% used [0x00000000dc080000,0x00000000dc3f7b50,0x00000000dcb80000)
  to   space 10752K, 0% used [0x00000000db600000,0x00000000db600000,0x00000000dc080000)
 ParOldGen       total 58368K, used 18184K [0x0000000081e00000, 0x0000000085700000, 0x00000000d5f80000)
  object space 58368K, 31% used [0x0000000081e00000,0x0000000082fc2078,0x0000000085700000)
 Metaspace       used 34771K, capacity 35226K, committed 35456K, reserved 1081344K
  class space    used 4238K, capacity 4368K, committed 4480K, reserved 1048576K
Event: 8.023 GC heap after
Heap after GC invocations=14 (full 1):
 PSYoungGen      total 99328K, used 1089K [0x00000000d5f80000, 0x00000000df380000, 0x0000000100000000)
  eden space 88576K, 0% used [0x00000000d5f80000,0x00000000d5f80000,0x00000000db600000)
  from space 10752K, 10% used [0x00000000db600000,0x00000000db7105d8,0x00000000dc080000)
  to   space 10240K, 0% used [0x00000000de980000,0x00000000de980000,0x00000000df380000)
 ParOldGen       total 58368K, used 20341K [0x0000000081e00000, 0x0000000085700000, 0x00000000d5f80000)
  object space 58368K, 34% used [0x0000000081e00000,0x00000000831dd628,0x0000000085700000)
 Metaspace       used 34771K, capacity 35226K, committed 35456K, reserved 1081344K
  class space    used 4238K, capacity 4368K, committed 4480K, reserved 1048576K
}
Event: 8.023 GC heap before
{Heap before GC invocations=15 (full 2):
 PSYoungGen      total 99328K, used 1089K [0x00000000d5f80000, 0x00000000df380000, 0x0000000100000000)
  eden space 88576K, 0% used [0x00000000d5f80000,0x00000000d5f80000,0x00000000db600000)
  from space 10752K, 10% used [0x00000000db600000,0x00000000db7105d8,0x00000000dc080000)
  to   space 10240K, 0% used [0x00000000de980000,0x00000000de980000,0x00000000df380000)
 ParOldGen       total 58368K, used 20341K [0x0000000081e00000, 0x0000000085700000, 0x00000000d5f80000)
  object space 58368K, 34% used [0x0000000081e00000,0x00000000831dd628,0x0000000085700000)
 Metaspace       used 34771K, capacity 35226K, committed 35456K, reserved 1081344K
  class space    used 4238K, capacity 4368K, committed 4480K, reserved 1048576K
Event: 8.213 GC heap after
Heap after GC invocations=15 (full 2):
 PSYoungGen      total 99328K, used 0K [0x00000000d5f80000, 0x00000000df380000, 0x0000000100000000)
  eden space 88576K, 0% used [0x00000000d5f80000,0x00000000d5f80000,0x00000000db600000)
  from space 10752K, 0% used [0x00000000db600000,0x00000000db600000,0x00000000dc080000)
  to   space 10240K, 0% used [0x00000000de980000,0x00000000de980000,0x00000000df380000)
 ParOldGen       total 58368K, used 19840K [0x0000000081e00000, 0x0000000085700000, 0x00000000d5f80000)
  object space 58368K, 33% used [0x0000000081e00000,0x0000000083160208,0x0000000085700000)
 Metaspace       used 34771K, capacity 35226K, committed 35456K, reserved 1081344K
  class space    used 4238K, capacity 4368K, committed 4480K, reserved 1048576K
}

Deoptimization events (10 events):
Event: 7.574 Thread 0x000000005a878800 Uncommon trap: reason=bimorphic action=maybe_recompile pc=0x0000000002bc4eb4 method=java.util.Hashtable.get(Ljava/lang/Object;)Ljava/lang/Object; @ 6
Event: 7.586 Thread 0x000000005a878800 Uncommon trap: reason=class_check action=maybe_recompile pc=0x00000000033bb5d0 method=org.springframework.asm.ClassReader.readCode(Lorg/springframework/asm/MethodVisitor;Lorg/springframework/asm/Context;I)V @ 2442
Event: 7.770 Thread 0x000000005a878800 Uncommon trap: reason=unstable_if action=reinterpret pc=0x0000000002e817f0 method=java.lang.String.valueOf(Ljava/lang/Object;)Ljava/lang/String; @ 1
Event: 7.773 Thread 0x000000005a878800 Uncommon trap: reason=unstable_if action=reinterpret pc=0x0000000002b32b14 method=java.lang.AbstractStringBuilder.append(Ljava/lang/String;)Ljava/lang/AbstractStringBuilder; @ 1
Event: 7.774 Thread 0x000000005a878800 Uncommon trap: reason=unstable_if action=reinterpret pc=0x0000000002b0dfcc method=java.lang.AbstractStringBuilder.append(Ljava/lang/String;)Ljava/lang/AbstractStringBuilder; @ 1
Event: 7.800 Thread 0x000000005a878800 Uncommon trap: reason=unstable_if action=reinterpret pc=0x0000000002fa0184 method=java.util.regex.Pattern$CharProperty$1.isSatisfiedBy(I)Z @ 8
Event: 7.800 Thread 0x000000005a878800 Uncommon trap: reason=unstable_if action=reinterpret pc=0x0000000002fb0708 method=java.util.regex.Pattern$CharProperty$1.isSatisfiedBy(I)Z @ 8
Event: 7.847 Thread 0x000000005a878800 Uncommon trap: reason=unstable_if action=reinterpret pc=0x00000000033dc608 method=org.springframework.beans.factory.support.DefaultSingletonBeanRegistry.getSingleton(Ljava/lang/String;Z)Ljava/lang/Object; @ 47
Event: 7.865 Thread 0x000000005a878800 Uncommon trap: reason=unstable_if action=reinterpret pc=0x0000000003485738 method=org.springframework.boot.bind.DefaultPropertyNamePatternsMatcher.matches(Ljava/lang/String;)Z @ 169
Event: 7.995 Thread 0x000000005a878800 Uncommon trap: reason=unstable_if action=reinterpret pc=0x0000000002b879ec method=sun.nio.cs.UTF_8$Decoder.decode([BII[C)I @ 30

Internal exceptions (10 events):
Event: 7.999 Thread 0x000000005a878800 Exception <a 'java/security/PrivilegedActionException'> (0x00000000d68e82a8) thrown at [C:\re\workspace\8-2-build-windows-amd64-cygwin\jdk8u121\8372\hotspot\src\share\vm\prims\jvm.cpp, line 1390]
Event: 7.999 Thread 0x000000005a878800 Exception <a 'java/security/PrivilegedActionException'> (0x00000000d68e8a70) thrown at [C:\re\workspace\8-2-build-windows-amd64-cygwin\jdk8u121\8372\hotspot\src\share\vm\prims\jvm.cpp, line 1390]
Event: 8.001 Thread 0x000000005a878800 Exception <a 'java/security/PrivilegedActionException'> (0x00000000d69428b0) thrown at [C:\re\workspace\8-2-build-windows-amd64-cygwin\jdk8u121\8372\hotspot\src\share\vm\prims\jvm.cpp, line 1390]
Event: 8.001 Thread 0x000000005a878800 Exception <a 'java/security/PrivilegedActionException'> (0x00000000d6943078) thrown at [C:\re\workspace\8-2-build-windows-amd64-cygwin\jdk8u121\8372\hotspot\src\share\vm\prims\jvm.cpp, line 1390]
Event: 8.002 Thread 0x000000005a878800 Exception <a 'java/security/PrivilegedActionException'> (0x00000000d694e940) thrown at [C:\re\workspace\8-2-build-windows-amd64-cygwin\jdk8u121\8372\hotspot\src\share\vm\prims\jvm.cpp, line 1390]
Event: 8.002 Thread 0x000000005a878800 Exception <a 'java/security/PrivilegedActionException'> (0x00000000d694f108) thrown at [C:\re\workspace\8-2-build-windows-amd64-cygwin\jdk8u121\8372\hotspot\src\share\vm\prims\jvm.cpp, line 1390]
Event: 8.002 Thread 0x000000005a878800 Exception <a 'java/security/PrivilegedActionException'> (0x00000000d695aeb8) thrown at [C:\re\workspace\8-2-build-windows-amd64-cygwin\jdk8u121\8372\hotspot\src\share\vm\prims\jvm.cpp, line 1390]
Event: 8.002 Thread 0x000000005a878800 Exception <a 'java/security/PrivilegedActionException'> (0x00000000d695b680) thrown at [C:\re\workspace\8-2-build-windows-amd64-cygwin\jdk8u121\8372\hotspot\src\share\vm\prims\jvm.cpp, line 1390]
Event: 8.002 Thread 0x000000005a878800 Exception <a 'java/security/PrivilegedActionException'> (0x00000000d6967640) thrown at [C:\re\workspace\8-2-build-windows-amd64-cygwin\jdk8u121\8372\hotspot\src\share\vm\prims\jvm.cpp, line 1390]
Event: 8.002 Thread 0x000000005a878800 Exception <a 'java/security/PrivilegedActionException'> (0x00000000d6967e08) thrown at [C:\re\workspace\8-2-build-windows-amd64-cygwin\jdk8u121\8372\hotspot\src\share\vm\prims\jvm.cpp, line 1390]

Events (10 events):
Event: 8.239 loading class com/mysql/jdbc/JDBC4Connection$1
Event: 8.239 loading class com/mysql/jdbc/JDBC4Connection$1 done
Event: 8.239 Thread 0x000000005a878800 DEOPT PACKING pc=0x00000000034fd014 sp=0x000000005b9d8170
Event: 8.239 Thread 0x000000005a878800 DEOPT UNPACKING pc=0x000000000293787f sp=0x000000005b9d7f80 mode 1
Event: 8.239 Thread 0x000000005a878800 DEOPT PACKING pc=0x00000000034fcf5c sp=0x000000005b9d82f0
Event: 8.239 Thread 0x000000005a878800 DEOPT UNPACKING pc=0x000000000293787f sp=0x000000005b9d8100 mode 1
Event: 8.240 loading class java/sql/SQLClientInfoException
Event: 8.240 loading class java/sql/SQLClientInfoException done
Event: 8.241 loading class java/text/MessageFormat$Field
Event: 8.241 loading class java/text/MessageFormat$Field done


Dynamic libraries:
0x000000013fcb0000 - 0x000000013fce7000 	C:\Program Files\Java\jdk1.8.0_121\bin\java.exe
0x00000000774b0000 - 0x000000007765a000 	C:\Windows\SYSTEM32\ntdll.dll
0x0000000077290000 - 0x00000000773af000 	C:\Windows\system32\kernel32.dll
0x000007fefd4a0000 - 0x000007fefd50a000 	C:\Windows\system32\KERNELBASE.dll
0x000007fefdea0000 - 0x000007fefdf7b000 	C:\Windows\system32\ADVAPI32.dll
0x000007fefdc50000 - 0x000007fefdcef000 	C:\Windows\system32\msvcrt.dll
0x000007feff240000 - 0x000007feff25f000 	C:\Windows\SYSTEM32\sechost.dll
0x000007feff2b0000 - 0x000007feff3dd000 	C:\Windows\system32\RPCRT4.dll
0x00000000773b0000 - 0x00000000774aa000 	C:\Windows\system32\USER32.dll
0x000007fefe050000 - 0x000007fefe0b7000 	C:\Windows\system32\GDI32.dll
0x000007fefdba0000 - 0x000007fefdbae000 	C:\Windows\system32\LPK.dll
0x000007fefdf80000 - 0x000007fefe04b000 	C:\Windows\system32\USP10.dll
0x000007fefbdf0000 - 0x000007fefbfe4000 	C:\Windows\WinSxS\amd64_microsoft.windows.common-controls_6595b64144ccf1df_6.0.7601.18837_none_fa3b1e3d17594757\COMCTL32.dll
0x000007fefde20000 - 0x000007fefde91000 	C:\Windows\system32\SHLWAPI.dll
0x000007feff260000 - 0x000007feff28e000 	C:\Windows\system32\IMM32.DLL
0x000007feff6b0000 - 0x000007feff7b9000 	C:\Windows\system32\MSCTF.dll
0x0000000075130000 - 0x0000000075169000 	C:\PROGRA~2\Sophos\SOPHOS~1\SOPHOS~2.DLL
0x0000000077680000 - 0x0000000077687000 	C:\Windows\system32\PSAPI.DLL
0x0000000069eb0000 - 0x0000000069f82000 	C:\Program Files\Java\jdk1.8.0_121\jre\bin\msvcr100.dll
0x000000006fea0000 - 0x000000007073b000 	C:\Program Files\Java\jdk1.8.0_121\jre\bin\server\jvm.dll
0x000007fef8ec0000 - 0x000007fef8ec9000 	C:\Windows\system32\WSOCK32.dll
0x000007fefd7c0000 - 0x000007fefd80d000 	C:\Windows\system32\WS2_32.dll
0x000007feff6a0000 - 0x000007feff6a8000 	C:\Windows\system32\NSI.dll
0x000007fefb150000 - 0x000007fefb18b000 	C:\Windows\system32\WINMM.dll
0x000007fefc4e0000 - 0x000007fefc4ec000 	C:\Windows\system32\VERSION.dll
0x0000000071b60000 - 0x0000000071b6f000 	C:\Program Files\Java\jdk1.8.0_121\jre\bin\verify.dll
0x000000006ab70000 - 0x000000006ab99000 	C:\Program Files\Java\jdk1.8.0_121\jre\bin\java.dll
0x000000006ab30000 - 0x000000006ab65000 	C:\Program Files\Java\jdk1.8.0_121\jre\bin\jdwp.dll
0x000000006ab20000 - 0x000000006ab28000 	C:\Program Files\Java\jdk1.8.0_121\jre\bin\npt.dll
0x000000006b860000 - 0x000000006b876000 	C:\Program Files\Java\jdk1.8.0_121\jre\bin\zip.dll
0x000007fefe2d0000 - 0x000007feff05b000 	C:\Windows\system32\SHELL32.dll
0x000007fefe0c0000 - 0x000007fefe2c3000 	C:\Windows\system32\ole32.dll
0x000007fefd3b0000 - 0x000007fefd3bf000 	C:\Windows\system32\profapi.dll
0x000000006ab10000 - 0x000000006ab19000 	C:\Program Files\Java\jdk1.8.0_121\jre\bin\dt_socket.dll
0x000007fefcba0000 - 0x000007fefcbf5000 	C:\Windows\system32\mswsock.dll
0x000007fefc5b0000 - 0x000007fefc5b7000 	C:\Windows\System32\wshtcpip.dll
0x000000006aa10000 - 0x000000006aa1d000 	C:\Program Files\Java\jdk1.8.0_121\jre\bin\management.dll
0x0000000069e90000 - 0x0000000069eaa000 	C:\Program Files\Java\jdk1.8.0_121\jre\bin\net.dll
0x000007fefcd30000 - 0x000007fefcd37000 	C:\Windows\System32\wship6.dll
0x000007fefb130000 - 0x000007fefb145000 	C:\Windows\system32\NLAapi.dll
0x000007fef79d0000 - 0x000007fef79e5000 	C:\Windows\system32\napinsp.dll
0x000007fef79b0000 - 0x000007fef79c9000 	C:\Windows\system32\pnrpnsp.dll
0x000007fefca90000 - 0x000007fefcaeb000 	C:\Windows\system32\DNSAPI.dll
0x000007fef79a0000 - 0x000007fef79ab000 	C:\Windows\System32\winrnr.dll
0x000000006f4b0000 - 0x000000006f4d6000 	C:\Program Files\Bonjour\mdnsNSP.dll
0x000007fefbff0000 - 0x000007fefc017000 	C:\Windows\system32\Iphlpapi.DLL
0x000007fefbde0000 - 0x000007fefbdeb000 	C:\Windows\system32\WINNSI.DLL
0x000007fef7df0000 - 0x000007fef7df8000 	C:\Windows\system32\rasadhlp.dll
0x000007fef9eb0000 - 0x000007fef9f03000 	C:\Windows\System32\fwpuclnt.dll
0x0000000069e70000 - 0x0000000069e81000 	C:\Program Files\Java\jdk1.8.0_121\jre\bin\nio.dll
0x000007fefcd40000 - 0x000007fefcd58000 	C:\Windows\system32\CRYPTSP.dll
0x000007fefc910000 - 0x000007fefc957000 	C:\Windows\system32\rsaenh.dll
0x000007fefc6f0000 - 0x000007fefc70e000 	C:\Windows\system32\USERENV.dll
0x000007fefd2a0000 - 0x000007fefd2af000 	C:\Windows\system32\CRYPTBASE.dll
0x000007fef9e10000 - 0x000007fef9e21000 	C:\Windows\system32\dhcpcsvc6.DLL
0x000007fef9df0000 - 0x000007fef9e08000 	C:\Windows\system32\dhcpcsvc.DLL

VM Arguments:
jvm_args: -agentlib:jdwp=transport=dt_socket,address=127.0.0.1:61514,suspend=y,server=n -Dfile.encoding=UTF-8 
java_command: com.mprj.eventos.start.EventosApplication
java_class_path (initial): C:\Program Files\Java\jdk1.8.0_121\jre\lib\charsets.jar;C:\Program Files\Java\jdk1.8.0_121\jre\lib\deploy.jar;C:\Program Files\Java\jdk1.8.0_121\jre\lib\ext\access-bridge-64.jar;C:\Program Files\Java\jdk1.8.0_121\jre\lib\ext\cldrdata.jar;C:\Program Files\Java\jdk1.8.0_121\jre\lib\ext\dnsns.jar;C:\Program Files\Java\jdk1.8.0_121\jre\lib\ext\jaccess.jar;C:\Program Files\Java\jdk1.8.0_121\jre\lib\ext\jfxrt.jar;C:\Program Files\Java\jdk1.8.0_121\jre\lib\ext\localedata.jar;C:\Program Files\Java\jdk1.8.0_121\jre\lib\ext\nashorn.jar;C:\Program Files\Java\jdk1.8.0_121\jre\lib\ext\sunec.jar;C:\Program Files\Java\jdk1.8.0_121\jre\lib\ext\sunjce_provider.jar;C:\Program Files\Java\jdk1.8.0_121\jre\lib\ext\sunmscapi.jar;C:\Program Files\Java\jdk1.8.0_121\jre\lib\ext\sunpkcs11.jar;C:\Program Files\Java\jdk1.8.0_121\jre\lib\ext\zipfs.jar;C:\Program Files\Java\jdk1.8.0_121\jre\lib\javaws.jar;C:\Program Files\Java\jdk1.8.0_121\jre\lib\jce.jar;C:\Program Files\Java\jdk1.8.0_121\jre\lib\jfr.jar;C:\Program Files\Java\jdk1.8.0_121\jre\lib\jfxswt.jar;C:\Program Files\Java\jdk1.8.0_121\jre\lib\jsse.jar;C:\Program Files\Java\jdk1.8.0_121\jre\lib\management-agent.jar;C:\Program Files\Java\jdk1.8.0_121\jre\lib\plugin.jar;C:\Program Files\Java\jdk1.8.0_121\jre\lib\resources.jar;C:\Program Files\Java\jdk1.8.0_121\jre\lib\rt.jar;C:\Users\evento.cnmp\Documents\Projetos\eventos\api\target\classes;C:\Users\evento.cnmp\.m2\repository\org\springframework\boot\spring-boot-starter-web\1.5.3.RELEASE\spring-boot-starter-web-1.5.3.RELEASE.jar;C:\Users\evento.cnmp\.m2\repository\org\springframework\boot\spring-boot-starter\1.5.3.RELEASE\spring-boot-starter-1.5.3.RELEASE.jar;C:\Users\evento.cnmp\.m2\repository\org\springframework\boot\spring-boot-starter-logging\1.5.3.RELEASE\spring-boot-starter-logging-1.5.3.RELEASE.jar;C:\Users\evento.cnmp\.m2\repository\ch\qos\logback\logback-classic\1.1.11\logback-classic-1.1.11.jar;C:\Users\evento.cnmp\.m2\repository\ch\qos\logback\logback
Launcher Type: SUN_STANDARD

Environment Variables:
JAVA_HOME=C:\Program Files\Java\jdk1.8.0_121
CLASSPATH=;C:\Program Files\Java\jdk1.8.0_121\lib;C:\Program Files\Java\jdk1.8.0_121\lib\tools.jar;C:\Program Files\Java\jdk1.8.0_121\lib\dt.jar;C:\Program Files\Java\jdk1.8.0_121\lib\htmlconverter.jar;C:\Program Files\Java\jdk1.8.0_121\jre\lib;C:\Program Files\Java\jdk1.8.0_121\jre\lib\rt.jar
PATH=C:\Program Files (x86)\CA\SC\CAWIN\;C:\oracle11g\product\11.2.0\client_1\bin;C:\Program Files\Java\jdk1.8.0_121\bin;C:\dev\maven\bin;C:\ProgramData\Oracle\Java\javapath;C:\Program Files (x86)\Oracle\jre\1.3.1\bin;C:\Program Files (x86)\Oracle\jre\1.1.8\bin;C:\Program Files (x86)\NVIDIA Corporation\PhysX\Common;C:\Program Files (x86)\Intel\iCLS Client\;C:\Program Files\Intel\iCLS Client\;C:\Windows\system32;C:\Windows;C:\Windows\System32\Wbem;C:\Windows\System32\WindowsPowerShell\v1.0\;C:\Program Files\Intel\Intel(R) Management Engine Components\DAL;C:\Program Files\Intel\Intel(R) Management Engine Components\IPT;C:\Program Files (x86)\Intel\Intel(R) Management Engine Components\DAL;C:\Program Files (x86)\Intel\Intel(R) Management Engine Components\IPT;C:\Program Files (x86)\Common Files\EMC\;C:\Program Files\SafeNet\Authentication\SAC\x32;C:\Program Files\SafeNet\Authentication\SAC\x64;C:Windows;C:\PROGRA~2\CA\SC\CAM\bin;C:\Program Files (x86)\CA\SC\Csam\SockAdapter\bin;C:\Program Files (x86)\CA\SC\Csam\SockAdapter\bin64;C:\Program Files (x86)\CA\SC\CBB\;C:\Program Files (x86)\CA\DSM\bin;C:\Program Files\Java\jdk1.8.0_121\bin;C:\gradle-3.4.1-bin\gradle-3.4.1\bin;C:\Program Files\nodejs\;C:\Users\evento.cnmp\AppData\Roaming\npm;C:\Program Files (x86)\Git\bin;c:\Program Files (x86)\Microsoft SQL Server\100\Tools\Binn\;c:\Program Files\Microsoft SQL Server\100\Tools\Binn\;c:\Program Files\Microsoft SQL Server\100\DTS\Binn\;C:\dev\phantomjs-2.1.1-windows\bin;C:\xampp\mysql\bin;C:\Users\evento.cnmp\AppData\Local\atom\bin;C:\Program Files (x86)\Microsoft VS Code\bin
USERNAME=evento.cnmp
OS=Windows_NT
PROCESSOR_IDENTIFIER=Intel64 Family 6 Model 60 Stepping 3, GenuineIntel



---------------  S Y S T E M  ---------------

OS: Windows 7 , 64 bit Build 7601 (6.1.7601.23807)

CPU:total 4 (4 cores per cpu, 1 threads per core) family 6 model 60 stepping 3, cmov, cx8, fxsr, mmx, sse, sse2, sse3, ssse3, sse4.1, sse4.2, popcnt, avx, avx2, aes, clmul, erms, lzcnt, tsc, tscinvbit, bmi1, bmi2

Memory: 4k page, physical 8261840k(840108k free), swap 16451980k(5644k free)

vm_info: Java HotSpot(TM) 64-Bit Server VM (25.121-b13) for windows-amd64 JRE (1.8.0_121-b13), built on Dec 12 2016 18:21:36 by "java_re" with MS VC++ 10.0 (VS2010)

time: Mon Jul 24 17:23:24 2017
elapsed time: 8 seconds (0d 0h 0m 8s)

